<?xml version="1.0" encoding="utf-8"?><testsuites name="pytest tests"><testsuite name="pytest" errors="0" failures="0" skipped="0" tests="33" time="6.881" timestamp="2026-08-22T12:17:30.877133+00:00" hostname="agent-env-eb9e4a92-7649-4ae8-9dde-6746ebf8270b"><testcase classname="tests.test_shopping_lists.TestParseQty" name="test_parse[750-750.0]" time="0.640" /><testcase classname="tests.test_shopping_lists.TestParseQty" name="test_parse[1-1.0]" time="0.000" /><testcase classname="tests.test_shopping_lists.TestParseQty" name="test_parse[1/2-0.5]" time="0.001" /><testcase classname="tests.test_shopping_lists.TestParseQty" name="test_parse[0.5-0.5]" time="0.000" /><testcase classname="tests.test_shopping_lists.TestParseQty" name="test_parse[2 large-2.0]" time="0.000" /><testcase classname="tests.test_shopping_lists.TestParseQty" name="test_parse[-None]" time="0.000" /><testcase classname="tests.test_shopping_lists.TestParseQty" name="test_parse[to taste-None]" time="0.000" /><testcase classname="tests.test_shopping_lists.TestParseQty" name="test_parse[a pinch-None]" time="0.000" /><testcase classname="tests.test_shopping_lists.TestLookup" name="test_lookup_finds_expected_recipe[plain rice-Steamed Plain Rice]" time="0.141" /><testcase classname="tests.test_shopping_lists.TestLookup" name="test_lookup_finds_expected_recipe[mutton kosha-Kolkata Mutton Kosha]" time="0.055" /><testcase classname="tests.test_shopping_lists.TestShoppingListCRUD" name="test_create_consolidation_math" time="0.847" /><testcase classname="tests.test_shopping_lists.TestLookup" name="test_lookup_finds_expected_recipe[bhendi-Bhindi Fry (Okra Sabzi)]" time="0.050" /><testcase classname="tests.test_shopping_lists.TestShoppingListCRUD" name="test_get_by_id_and_persistence" time="0.179" /><testcase classname="tests.test_shopping_lists.TestLookup" name="test_card_shape" time="0.052" /><testcase classname="tests.test_shopping_lists.TestLookup" name="test_lookup_limit_respected" time="0.053" /><testcase classname="tests.test_shopping_lists.TestLookup" name="test_lookup_empty_query_returns_popular" time="0.051" /><testcase classname="tests.test_shopping_lists.TestShoppingListCRUD" name="test_list_most_recent_first" time="0.042" /><testcase classname="tests.test_shopping_lists.TestLookup" name="test_lookup_nonsense_query" time="0.048" /><testcase classname="tests.test_shopping_lists.TestShoppingListCRUD" name="test_no_mongo_id" time="0.043" /><testcase classname="tests.test_shopping_lists.TestLookup" name="test_no_mongo_id_leak" time="0.051" /><testcase classname="tests.test_shopping_lists.TestShoppingListCRUD" name="test_empty_items_400" time="0.085" /><testcase classname="tests.test_shopping_lists.TestConsolidate" name="test_merge_same_name_unit_and_scaling" time="0.000" /><testcase classname="tests.test_shopping_lists.TestConsolidate" name="test_non_numeric_quantity_yields_empty" time="0.000" /><testcase classname="tests.test_shopping_lists.TestConsolidate" name="test_compatible_volume_units_merge_to_ml" time="0.000" /><testcase classname="tests.test_shopping_lists.TestConsolidate" name="test_volume_and_weight_not_merged" time="0.000" /><testcase classname="tests.test_shopping_lists.TestShoppingListAuth" name="test_post_requires_auth" time="0.094" /><testcase classname="tests.test_shopping_lists.TestShoppingListCRUD" name="test_unknown_recipe_404" time="0.043" /><testcase classname="tests.test_shopping_lists.TestShoppingListCRUD" name="test_pax_clamped" time="0.129" /><testcase classname="tests.test_shopping_lists.TestShoppingListAuth" name="test_get_requires_auth" time="0.051" /><testcase classname="tests.test_shopping_lists.TestShoppingListAuth" name="test_delete_requires_auth" time="0.053" /><testcase classname="tests.test_shopping_lists.TestShoppingListAuth" name="test_cooking_guide_requires_auth" time="0.050" /><testcase classname="tests.test_shopping_lists.TestShoppingListCRUD" name="test_other_user_cannot_read" time="0.630" /><testcase classname="tests.test_shopping_lists.TestShoppingListCRUD" name="test_delete_and_verify_removal" time="0.359" /></testsuite></testsuites>