<?xml version="1.0" encoding="utf-8"?><testsuites name="pytest tests"><testsuite name="pytest" errors="0" failures="0" skipped="0" tests="35" time="5.733" timestamp="2026-08-22T12:16:35.650723+00:00" hostname="agent-env-eb9e4a92-7649-4ae8-9dde-6746ebf8270b"><testcase classname="tests.test_unit_conversion.TestCanonicalize" name="test_conversion[1-cup-240-mL]" time="0.738" /><testcase classname="tests.test_unit_conversion.TestCanonicalize" name="test_conversion[2-cups-480-mL]" time="0.000" /><testcase classname="tests.test_unit_conversion.TestCanonicalize" name="test_conversion[1-tsp-5-mL]" time="0.000" /><testcase classname="tests.test_unit_conversion.TestCanonicalize" name="test_conversion[4-tbsp-60-mL]" time="0.000" /><testcase classname="tests.test_unit_conversion.TestCanonicalize" name="test_conversion[1-l-1000-mL]" time="0.000" /><testcase classname="tests.test_unit_conversion.TestCanonicalize" name="test_conversion[250-ml-250-mL]" time="0.000" /><testcase classname="tests.test_unit_conversion.TestCanonicalize" name="test_conversion[1-kg-1000-g]" time="0.000" /><testcase classname="tests.test_unit_conversion.TestCanonicalize" name="test_conversion[750-g-750-g]" time="0.001" /><testcase classname="tests.test_unit_conversion.TestCanonicalize" name="test_conversion[1-lb-453.6-g]" time="0.001" /><testcase classname="tests.test_unit_conversion.TestCanonicalize" name="test_conversion[1-oz-28.35-g]" time="0.000" /><testcase classname="tests.test_unit_conversion.TestCanonicalize" name="test_conversion[5--5-]" time="0.000" /><testcase classname="tests.test_unit_conversion.TestCanonicalize" name="test_conversion[2-piece-2-piece]" time="0.000" /><testcase classname="tests.test_unit_conversion.TestCanonicalize" name="test_conversion[3-cloves-3-cloves]" time="0.000" /><testcase classname="tests.test_unit_conversion.TestCanonicalize" name="test_none_quantity_keeps_unit" time="0.000" /><testcase classname="tests.test_unit_conversion.TestConsolidateConversion" name="test_cross_unit_merge_to_ml" time="0.000" /><testcase classname="tests.test_unit_conversion.TestConsolidateConversion" name="test_weight_merge_to_g" time="0.000" /><testcase classname="tests.test_unit_conversion.TestConsolidateConversion" name="test_counts_unchanged" time="0.000" /><testcase classname="tests.test_unit_conversion.TestConsolidateConversion" name="test_to_taste_preserved" time="0.000" /><testcase classname="tests.test_unit_conversion.TestConsolidateConversion" name="test_scaling_then_conversion" time="0.000" /><testcase classname="tests.test_unit_conversion.TestApiConversion" name="test_measured_rows[Basmati Rice-480-mL]" time="0.911" /><testcase classname="tests.test_unit_conversion.TestApiConversion" name="test_measured_rows[Water-960-mL]" time="0.000" /><testcase classname="tests.test_unit_conversion.TestApiConversion" name="test_measured_rows[Salt-10-mL]" time="0.000" /><testcase classname="tests.test_unit_conversion.TestApiConversion" name="test_measured_rows[Mutton-750-g]" time="0.000" /><testcase classname="tests.test_unit_conversion.TestApiConversion" name="test_measured_rows[Mustard Oil-90-mL]" time="0.000" /><testcase classname="tests.test_unit_conversion.TestApiConversion" name="test_measured_rows[Yogurt-240-mL]" time="0.000" /><testcase classname="tests.test_unit_conversion.TestApiConversion" name="test_measured_rows[Okra-400-g]" time="0.000" /><testcase classname="tests.test_unit_conversion.TestApiConversion" name="test_measured_rows[Turmeric-2.5-mL]" time="0.000" /><testcase classname="tests.test_unit_conversion.TestApiConversion" name="test_count_rows[Onion-5]" time="0.000" /><testcase classname="tests.test_unit_conversion.TestApiConversion" name="test_count_rows[Potato-2]" time="0.000" /><testcase classname="tests.test_unit_conversion.TestApiConversion" name="test_count_rows[Bay Leaf-2]" time="0.000" /><testcase classname="tests.test_unit_conversion.TestApiConversion" name="test_only_canonical_units" time="0.000" /><testcase classname="tests.test_unit_conversion.TestApiConversion" name="test_no_legacy_unit_strings" time="0.000" /><testcase classname="tests.test_unit_conversion.TestApiConversion" name="test_persistence_after_get" time="0.046" /><testcase classname="tests.test_unit_conversion.TestApiConversion" name="test_no_mongo_id" time="0.089" /><testcase classname="tests.test_unit_conversion.TestApiScaling" name="test_mutton_pax6" time="0.498" /></testsuite></testsuites>