<?xml version="1.0" encoding="utf-8"?><testsuites name="pytest tests"><testsuite name="pytest" errors="0" failures="0" skipped="0" tests="94" time="15.823" timestamp="2026-08-20T17:21:17.424640+00:00" hostname="agent-env-eb9e4a92-7649-4ae8-9dde-6746ebf8270b"><testcase classname="tests.test_search.TestSearchTopThree" name="test_root_health" time="0.381" /><testcase classname="tests.test_search.TestSearchTopThree" name="test_chicken_biryani_exact_top3" time="0.078" /><testcase classname="tests.test_auth_ratings.TestAuthJWT" name="test_register_returns_user_role" time="0.404" /><testcase classname="tests.test_auth_ratings.TestAuthJWT" name="test_register_sets_httponly_cookies" time="0.366" /><testcase classname="tests.test_search.TestSearchTopThree" name="test_demo_queries_return_three[butter chicken]" time="0.082" /><testcase classname="tests.test_search.TestSearchTopThree" name="test_demo_queries_return_three[momos]" time="0.233" /><testcase classname="tests.test_auth_ratings.TestAuthJWT" name="test_duplicate_email_rejected" time="0.176" /><testcase classname="tests.test_search.TestSearchTopThree" name="test_demo_queries_return_three[pasta]" time="0.087" /><testcase classname="tests.test_search.TestSearchTopThree" name="test_demo_queries_return_three[pizza]" time="0.099" /><testcase classname="tests.test_auth_ratings.TestAuthJWT" name="test_me_with_cookie" time="0.070" /><testcase classname="tests.test_search.TestSearchTopThree" name="test_demo_queries_return_three[chocolate cake]" time="0.080" /><testcase classname="tests.test_auth_ratings.TestAuthJWT" name="test_me_unauthenticated" time="0.195" /><testcase classname="tests.test_search.TestSearchTopThree" name="test_demo_queries_return_three[masala dosa]" time="0.078" /><testcase classname="tests.test_search.TestSearchTopThree" name="test_demo_queries_return_three[chicken curry]" time="0.089" /><testcase classname="tests.test_search.TestSearchTopThree" name="test_demo_queries_return_three[spicy chicken rice]" time="0.075" /><testcase classname="tests.test_search.TestSearchTopThree" name="test_no_mongo_object_id_leak" time="0.071" /><testcase classname="tests.test_search.TestSearchTopThree" name="test_zero_result_and_suggest" time="0.313" /><testcase classname="tests.test_auth_ratings.TestAuthJWT" name="test_admin_login_role" time="0.524" /><testcase classname="tests.test_search.TestSearchTopThree" name="test_search_select_tracking" time="0.166" /><testcase classname="tests.test_auth_ratings.TestAuthJWT" name="test_invalid_password_401" time="0.415" /><testcase classname="tests.test_new_features.TestNavQueries" name="test_nav_query_search_endpoint[Bengali]" time="0.089" /><testcase classname="tests.test_new_features.TestNavQueries" name="test_nav_query_search_endpoint[North Indian]" time="0.205" /><testcase classname="tests.test_new_features.TestNavQueries" name="test_nav_query_search_endpoint[Indo-Chinese]" time="0.099" /><testcase classname="tests.test_auth_ratings.TestAuthJWT" name="test_bearer_token_fallback" time="0.525" /><testcase classname="tests.test_new_features.TestNavQueries" name="test_nav_query_search_endpoint[South Indian]" time="0.280" /><testcase classname="tests.test_new_features.TestNavQueries" name="test_nav_query_search_endpoint[Kashmiri]" time="0.076" /><testcase classname="tests.test_new_features.TestNavQueries" name="test_nav_query_search_endpoint[Kebab]" time="0.075" /><testcase classname="tests.test_new_features.TestNavQueries" name="test_nav_query_search_endpoint[Indian Dessert]" time="0.078" /><testcase classname="tests.test_auth_ratings.TestAuthJWT" name="test_refresh_and_logout" time="0.716" /><testcase classname="tests.test_new_features.TestNavQueries" name="test_nav_query_search_endpoint[Salad]" time="0.073" /><testcase classname="tests.test_new_features.TestNavQueries" name="test_nav_query_search_endpoint[Juice]" time="0.265" /><testcase classname="tests.test_new_features.TestNavQueries" name="test_nav_query_search_endpoint[Morning Shot]" time="0.082" /><testcase classname="tests.test_new_features.TestNavQueries" name="test_nav_query_search_endpoint[Healthy Food Habits]" time="0.070" /><testcase classname="tests.test_auth_ratings.TestAuthJWT" name="test_bcrypt_hash_format" time="0.129" /><testcase classname="tests.test_auth_ratings.TestAuthJWT" name="test_brute_force_lockout" time="6.539" /><testcase classname="tests.test_creator_admin.TestCreatorFlow" name="test_recipe_created_as_pending" time="0.885" /><testcase classname="tests.test_creator_admin.TestCreatorFlow" name="test_pending_recipe_not_in_search" time="0.299" /><testcase classname="tests.test_creator_admin.TestCreatorFlow" name="test_creator_dashboard" time="0.095" /><testcase classname="tests.test_creator_admin.TestCreatorFlow" name="test_creator_recipes_list" time="0.262" /><testcase classname="tests.test_creator_admin.TestCreatorFlow" name="test_get_recipe_by_id" time="0.097" /><testcase classname="tests.test_creator_admin.TestCreatorFlow" name="test_edit_recipe" time="0.339" /><testcase classname="tests.test_creator_admin.TestCreatorFlow" name="test_creator_cannot_self_publish" time="0.099" /><testcase classname="tests.test_creator_admin.TestCreatorFlow" name="test_creator_cannot_edit_others_recipe" time="0.295" /><testcase classname="tests.test_creator_admin.TestCreatorFlow" name="test_apply_idempotent" time="0.089" /><testcase classname="tests.test_creator_admin.TestCreatorFlow" name="test_creator_public_profile" time="0.211" /><testcase classname="tests.test_auth_ratings.TestRBAC" name="test_user_forbidden_admin_overview" time="0.664" /><testcase classname="tests.test_auth_ratings.TestRBAC" name="test_user_forbidden_admin_recipes" time="0.085" /><testcase classname="tests.test_auth_ratings.TestRBAC" name="test_user_forbidden_creator_dashboard" time="0.255" /><testcase classname="tests.test_auth_ratings.TestRBAC" name="test_anonymous_401_on_admin" time="0.346" /><testcase classname="tests.test_auth_ratings.TestRBAC" name="test_admin_can_access" time="0.746" /><testcase classname="tests.test_new_features.TestYouTubeSave" name="test_saved_requires_auth" time="0.119" /><testcase classname="tests.test_new_features.TestYouTubeSave" name="test_save_requires_auth" time="0.196" /><testcase classname="tests.test_new_features.TestYouTubeSave" name="test_save_missing_video_id_400" time="0.070" /><testcase classname="tests.test_new_features.TestYouTubeSave" name="test_save_toggle_and_persist" time="0.480" /><testcase classname="tests.test_new_features.TestYouTubeSave" name="test_saved_is_per_user" time="0.259" /><testcase classname="tests.test_new_features.TestExplore" name="test_explore_default" time="0.072" /><testcase classname="tests.test_new_features.TestExplore" name="test_explore_pagination_no_overlap" time="0.166" /><testcase classname="tests.test_new_features.TestExplore" name="test_explore_empty_query_returns_all_published" time="0.078" /><testcase classname="tests.test_new_features.TestExplore" name="test_explore_nonsense_query" time="0.073" /><testcase classname="tests.test_new_features.TestExplore" name="test_explore_regex_injection_safe" time="0.143" /><testcase classname="tests.test_auth_ratings.TestRatings" name="test_rate_requires_auth" time="0.298" /><testcase classname="tests.test_auth_ratings.TestRatings" name="test_rate_invalid_value" time="0.136" /><testcase classname="tests.test_auth_ratings.TestAuthJWT" name="test_google_session_endpoint_exists" time="0.286" /><testcase classname="tests.test_auth_ratings.TestRatings" name="test_rate_and_update" time="0.508" /><testcase classname="tests.test_search.TestSearchFilters" name="test_spice_filter" time="0.216" /><testcase classname="tests.test_search.TestSearchFilters" name="test_diet_filter" time="0.085" /><testcase classname="tests.test_auth_ratings.TestRatings" name="test_rate_nonexistent_recipe" time="0.100" /><testcase classname="tests.test_search.TestSearchFilters" name="test_max_time_filter" time="0.094" /><testcase classname="tests.test_search.TestSearchFilters" name="test_min_time_filter" time="0.078" /><testcase classname="tests.test_search.TestSearchFilters" name="test_difficulty_filter" time="0.256" /><testcase classname="tests.test_search.TestSearchFilters" name="test_cuisine_filter" time="0.133" /><testcase classname="tests.test_creator_admin.TestAdminEndpoints" name="test_overview" time="0.076" /><testcase classname="tests.test_creator_admin.TestAdminEndpoints" name="test_creators_list" time="0.075" /><testcase classname="tests.test_creator_admin.TestAdminEndpoints" name="test_searches_analytics" time="0.082" /><testcase classname="tests.test_creator_admin.TestAdminEndpoints" name="test_ranking_config_get_and_update" time="0.395" /><testcase classname="tests.test_creator_admin.TestModeration" name="test_admin_sees_pending" time="0.850" /><testcase classname="tests.test_creator_admin.TestModeration" name="test_publish_then_visible_in_search" time="0.317" /><testcase classname="tests.test_new_features.TestYouTube" name="test_youtube_empty_query" time="0.089" /><testcase classname="tests.test_creator_admin.TestModeration" name="test_invalid_moderation_status" time="0.076" /><testcase classname="tests.test_new_features.TestYouTube" name="test_youtube_returns_top3_with_ai_fields" time="0.097" /><testcase classname="tests.test_creator_admin.TestModeration" name="test_delete_recipe" time="0.210" /><testcase classname="tests.test_new_features.TestYouTube" name="test_youtube_cached_second_call_fast" time="0.082" /><testcase classname="tests.test_search.TestRecipeListAndDetail" name="test_list_recipes" time="0.082" /><testcase classname="tests.test_auth_ratings.TestSaved" name="test_save_requires_auth" time="0.508" /><testcase classname="tests.test_search.TestRecipeListAndDetail" name="test_recipe_detail_anonymous" time="0.389" /><testcase classname="tests.test_auth_ratings.TestSaved" name="test_save_toggle_and_list" time="0.496" /><testcase classname="tests.test_search.TestRecipeListAndDetail" name="test_recipe_detail_404" time="0.086" /><testcase classname="tests.test_new_features.TestRegression" name="test_search_terms_vocab" time="0.096" /><testcase classname="tests.test_new_features.TestRegression" name="test_recipe_detail_has_instructions_for_cook_mode" time="0.082" /><testcase classname="tests.test_auth_ratings.TestPreferences" name="test_update_preferences" time="0.169" /><testcase classname="tests.test_recipe_edit_title" name="test_creator_can_edit_title" time="1.664" /><testcase classname="tests.test_new_features.TestCreatorDashboard" name="test_dashboard_payload" time="0.620" /><testcase classname="tests.test_new_features.TestCreatorDashboard" name="test_dashboard_requires_creator_role" time="0.083" /><testcase classname="tests.test_search.TestCategories" name="test_categories" time="0.103" /></testsuite></testsuites>