<?xml version="1.0" encoding="utf-8"?><testsuites name="pytest tests"><testsuite name="pytest" errors="0" failures="0" skipped="0" tests="159" time="31.748" timestamp="2026-08-22T10:14:29.883162+00:00" hostname="agent-env-eb9e4a92-7649-4ae8-9dde-6746ebf8270b"><testcase classname="tests.test_search.TestSearchTopThree" name="test_root_health" time="0.113" /><testcase classname="tests.test_search.TestSearchTopThree" name="test_chicken_biryani_exact_top3" time="0.234" /><testcase classname="tests.test_auth_ratings.TestAuthJWT" name="test_register_returns_user_role" time="0.339" /><testcase classname="tests.test_auth_ratings.TestAuthJWT" name="test_register_sets_httponly_cookies" time="0.321" /><testcase classname="tests.test_search.TestSearchTopThree" name="test_demo_queries_return_three[butter chicken]" time="0.043" /><testcase classname="tests.test_search.TestSearchTopThree" name="test_demo_queries_return_three[momos]" time="0.042" /><testcase classname="tests.test_search.TestSearchTopThree" name="test_demo_queries_return_three[pasta]" time="0.227" /><testcase classname="tests.test_search.TestSearchTopThree" name="test_demo_queries_return_three[pizza]" time="0.042" /><testcase classname="tests.test_auth_ratings.TestAuthJWT" name="test_duplicate_email_rejected" time="0.109" /><testcase classname="tests.test_search.TestSearchTopThree" name="test_demo_queries_return_three[chocolate cake]" time="0.042" /><testcase classname="tests.test_search.TestSearchTopThree" name="test_demo_queries_return_three[masala dosa]" time="0.043" /><testcase classname="tests.test_auth_ratings.TestAuthJWT" name="test_me_with_cookie" time="0.044" /><testcase classname="tests.test_search.TestSearchTopThree" name="test_demo_queries_return_three[chicken curry]" time="0.043" /><testcase classname="tests.test_auth_ratings.TestAuthJWT" name="test_me_unauthenticated" time="0.140" /><testcase classname="tests.test_search.TestSearchTopThree" name="test_demo_queries_return_three[spicy chicken rice]" time="0.039" /><testcase classname="tests.test_search.TestSearchTopThree" name="test_no_mongo_object_id_leak" time="0.046" /><testcase classname="tests.test_search.TestSearchTopThree" name="test_zero_result_and_suggest" time="0.169" /><testcase classname="tests.test_search.TestSearchTopThree" name="test_search_select_tracking" time="0.301" /><testcase classname="tests.test_auth_ratings.TestAuthJWT" name="test_admin_login_role" time="0.397" /><testcase classname="tests.test_auth_ratings.TestAuthJWT" name="test_invalid_password_401" time="0.326" /><testcase classname="tests.test_meal_plan.TestCompilationRegex" name="test_flags_compilations[6 Top French Recipes You Need to Cook]" time="0.000" /><testcase classname="tests.test_meal_plan.TestCompilationRegex" name="test_flags_compilations[5 Easy Dinner Recipes]" time="0.000" /><testcase classname="tests.test_meal_plan.TestCompilationRegex" name="test_flags_compilations[Top 10 Indian Curries]" time="0.000" /><testcase classname="tests.test_meal_plan.TestCompilationRegex" name="test_flags_compilations[Best 5 Pasta Dishes]" time="0.000" /><testcase classname="tests.test_meal_plan.TestCompilationRegex" name="test_flags_compilations[Butter Chicken Compilation]" time="0.000" /><testcase classname="tests.test_meal_plan.TestCompilationRegex" name="test_flags_compilations[3 Ways to Make Eggs]" time="0.000" /><testcase classname="tests.test_meal_plan.TestCompilationRegex" name="test_flags_compilations[Recipes You Need To Try]" time="0.000" /><testcase classname="tests.test_meal_plan.TestCompilationRegex" name="test_flags_compilations[10 Recipes in 10 Minutes]" time="0.000" /><testcase classname="tests.test_meal_plan.TestCompilationRegex" name="test_allows_single_dish[Butter Chicken Recipe | Restaurant Style]" time="0.000" /><testcase classname="tests.test_meal_plan.TestCompilationRegex" name="test_allows_single_dish[Authentic Carbonara in 15 minutes]" time="0.000" /><testcase classname="tests.test_meal_plan.TestCompilationRegex" name="test_allows_single_dish[How to Make Chicken Biryani at Home]" time="0.000" /><testcase classname="tests.test_meal_plan.TestCompilationRegex" name="test_allows_single_dish[Coq au Vin - Classic French Recipe]" time="0.000" /><testcase classname="tests.test_new_features.TestNavQueries" name="test_nav_query_search_endpoint[Bengali]" time="0.042" /><testcase classname="tests.test_new_features.TestNavQueries" name="test_nav_query_search_endpoint[North Indian]" time="0.240" /><testcase classname="tests.test_auth_ratings.TestAuthJWT" name="test_bearer_token_fallback" time="0.434" /><testcase classname="tests.test_new_features.TestNavQueries" name="test_nav_query_search_endpoint[Indo-Chinese]" time="0.080" /><testcase classname="tests.test_new_features.TestNavQueries" name="test_nav_query_search_endpoint[South Indian]" time="0.262" /><testcase classname="tests.test_new_features.TestNavQueries" name="test_nav_query_search_endpoint[Kashmiri]" time="0.043" /><testcase classname="tests.test_new_features.TestNavQueries" name="test_nav_query_search_endpoint[Kebab]" time="0.042" /><testcase classname="tests.test_new_features.TestNavQueries" name="test_nav_query_search_endpoint[Indian Dessert]" time="0.041" /><testcase classname="tests.test_auth_ratings.TestAuthJWT" name="test_refresh_and_logout" time="0.521" /><testcase classname="tests.test_new_features.TestNavQueries" name="test_nav_query_search_endpoint[Salad]" time="0.042" /><testcase classname="tests.test_new_features.TestNavQueries" name="test_nav_query_search_endpoint[Juice]" time="0.236" /><testcase classname="tests.test_new_features.TestNavQueries" name="test_nav_query_search_endpoint[Morning Shot]" time="0.082" /><testcase classname="tests.test_new_features.TestNavQueries" name="test_nav_query_search_endpoint[Healthy Food Habits]" time="0.041" /><testcase classname="tests.test_auth_ratings.TestAuthJWT" name="test_bcrypt_hash_format" time="0.004" /><testcase classname="tests.test_auth_ratings.TestAuthJWT" name="test_brute_force_lockout" time="5.215" /><testcase classname="tests.test_creator_admin.TestCreatorFlow" name="test_recipe_created_as_pending" time="0.670" /><testcase classname="tests.test_creator_admin.TestCreatorFlow" name="test_pending_recipe_not_in_search" time="0.319" /><testcase classname="tests.test_creator_admin.TestCreatorFlow" name="test_creator_dashboard" time="0.051" /><testcase classname="tests.test_creator_admin.TestCreatorFlow" name="test_creator_recipes_list" time="0.246" /><testcase classname="tests.test_creator_admin.TestCreatorFlow" name="test_get_recipe_by_id" time="0.069" /><testcase classname="tests.test_creator_admin.TestCreatorFlow" name="test_edit_recipe" time="0.287" /><testcase classname="tests.test_creator_admin.TestCreatorFlow" name="test_creator_cannot_self_publish" time="0.051" /><testcase classname="tests.test_creator_admin.TestCreatorFlow" name="test_creator_cannot_edit_others_recipe" time="0.304" /><testcase classname="tests.test_creator_admin.TestCreatorFlow" name="test_apply_idempotent" time="0.054" /><testcase classname="tests.test_creator_admin.TestCreatorFlow" name="test_creator_public_profile" time="0.265" /><testcase classname="tests.test_shopping_lists.TestShoppingListCRUD" name="test_create_consolidation_math" time="0.840" /><testcase classname="tests.test_shopping_lists.TestShoppingListCRUD" name="test_get_by_id_and_persistence" time="0.340" /><testcase classname="tests.test_shopping_lists.TestShoppingListCRUD" name="test_list_most_recent_first" time="0.043" /><testcase classname="tests.test_shopping_lists.TestShoppingListCRUD" name="test_no_mongo_id" time="0.041" /><testcase classname="tests.test_shopping_lists.TestShoppingListCRUD" name="test_empty_items_400" time="0.080" /><testcase classname="tests.test_shopping_lists.TestShoppingListCRUD" name="test_unknown_recipe_404" time="0.196" /><testcase classname="tests.test_shopping_lists.TestShoppingListCRUD" name="test_pax_clamped" time="0.127" /><testcase classname="tests.test_shopping_lists.TestShoppingListCRUD" name="test_other_user_cannot_read" time="0.968" /><testcase classname="tests.test_shopping_lists.TestShoppingListCRUD" name="test_delete_and_verify_removal" time="0.217" /><testcase classname="tests.test_shopping_lists.TestParseQty" name="test_parse[750-750.0]" time="0.001" /><testcase classname="tests.test_shopping_lists.TestParseQty" name="test_parse[1-1.0]" time="0.000" /><testcase classname="tests.test_shopping_lists.TestParseQty" name="test_parse[1/2-0.5]" time="0.000" /><testcase classname="tests.test_shopping_lists.TestParseQty" name="test_parse[0.5-0.5]" time="0.000" /><testcase classname="tests.test_shopping_lists.TestParseQty" name="test_parse[2 large-2.0]" time="0.000" /><testcase classname="tests.test_shopping_lists.TestParseQty" name="test_parse[-None]" time="0.000" /><testcase classname="tests.test_shopping_lists.TestParseQty" name="test_parse[to taste-None]" time="0.000" /><testcase classname="tests.test_shopping_lists.TestParseQty" name="test_parse[a pinch-None]" time="0.000" /><testcase classname="tests.test_shopping_lists.TestLookup" name="test_lookup_finds_expected_recipe[plain rice-Steamed Plain Rice]" time="0.084" /><testcase classname="tests.test_shopping_lists.TestLookup" name="test_lookup_finds_expected_recipe[mutton kosha-Kolkata Mutton Kosha]" time="0.083" /><testcase classname="tests.test_auth_ratings.TestAuthJWT" name="test_google_session_endpoint_exists" time="0.131" /><testcase classname="tests.test_shopping_lists.TestLookup" name="test_lookup_finds_expected_recipe[bhendi-Bhindi Fry (Okra Sabzi)]" time="0.043" /><testcase classname="tests.test_shopping_lists.TestLookup" name="test_card_shape" time="0.080" /><testcase classname="tests.test_meal_plan.TestMealPlan" name="test_butter_chicken_pax6_scaling" time="0.096" /><testcase classname="tests.test_shopping_lists.TestLookup" name="test_lookup_limit_respected" time="0.051" /><testcase classname="tests.test_shopping_lists.TestLookup" name="test_lookup_empty_query_returns_popular" time="0.041" /><testcase classname="tests.test_meal_plan.TestMealPlan" name="test_base_servings_pax_equals_base" time="0.089" /><testcase classname="tests.test_shopping_lists.TestLookup" name="test_lookup_nonsense_query" time="0.084" /><testcase classname="tests.test_meal_plan.TestMealPlan" name="test_other_known_dishes[Carbonara]" time="0.083" /><testcase classname="tests.test_shopping_lists.TestLookup" name="test_no_mongo_id_leak" time="0.278" /><testcase classname="tests.test_meal_plan.TestMealPlan" name="test_other_known_dishes[Chicken Biryani]" time="0.046" /><testcase classname="tests.test_meal_plan.TestMealPlan" name="test_unknown_dish_not_found" time="0.042" /><testcase classname="tests.test_meal_plan.TestMealPlan" name="test_empty_query" time="0.041" /><testcase classname="tests.test_meal_plan.TestMealPlan" name="test_pax_zero_clamped_to_one" time="0.083" /><testcase classname="tests.test_meal_plan.TestMealPlan" name="test_negative_pax" time="0.045" /><testcase classname="tests.test_meal_plan.TestScaleQuantity" name="test_integer_scaling" time="0.000" /><testcase classname="tests.test_meal_plan.TestScaleQuantity" name="test_decimal_result_trimmed" time="0.000" /><testcase classname="tests.test_meal_plan.TestScaleQuantity" name="test_fraction_input" time="0.000" /><testcase classname="tests.test_meal_plan.TestScaleQuantity" name="test_trailing_text_preserved" time="0.000" /><testcase classname="tests.test_meal_plan.TestScaleQuantity" name="test_non_numeric_untouched" time="0.000" /><testcase classname="tests.test_meal_plan.TestScaleQuantity" name="test_empty" time="0.000" /><testcase classname="tests.test_search.TestSearchFilters" name="test_spice_filter" time="0.041" /><testcase classname="tests.test_meal_plan.TestMealPlan" name="test_large_pax_clamped" time="0.085" /><testcase classname="tests.test_search.TestSearchFilters" name="test_diet_filter" time="0.043" /><testcase classname="tests.test_search.TestSearchFilters" name="test_max_time_filter" time="0.043" /><testcase classname="tests.test_meal_plan.TestMealPlan" name="test_non_integer_pax_rejected_cleanly" time="0.084" /><testcase classname="tests.test_search.TestSearchFilters" name="test_min_time_filter" time="0.042" /><testcase classname="tests.test_search.TestSearchFilters" name="test_difficulty_filter" time="0.042" /><testcase classname="tests.test_auth_ratings.TestRBAC" name="test_user_forbidden_admin_overview" time="0.042" /><testcase classname="tests.test_search.TestSearchFilters" name="test_cuisine_filter" time="0.044" /><testcase classname="tests.test_auth_ratings.TestRBAC" name="test_user_forbidden_admin_recipes" time="0.085" /><testcase classname="tests.test_new_features.TestYouTubeSave" name="test_saved_requires_auth" time="0.043" /><testcase classname="tests.test_new_features.TestYouTubeSave" name="test_save_requires_auth" time="0.082" /><testcase classname="tests.test_auth_ratings.TestRBAC" name="test_user_forbidden_creator_dashboard" time="0.041" /><testcase classname="tests.test_auth_ratings.TestRBAC" name="test_anonymous_401_on_admin" time="0.094" /><testcase classname="tests.test_auth_ratings.TestRBAC" name="test_admin_can_access" time="0.315" /><testcase classname="tests.test_new_features.TestYouTubeSave" name="test_save_missing_video_id_400" time="0.405" /><testcase classname="tests.test_new_features.TestExplore" name="test_explore_default" time="0.046" /><testcase classname="tests.test_new_features.TestYouTubeSave" name="test_save_toggle_and_persist" time="0.306" /><testcase classname="tests.test_new_features.TestExplore" name="test_explore_pagination_no_overlap" time="0.093" /><testcase classname="tests.test_new_features.TestExplore" name="test_explore_empty_query_returns_all_published" time="0.043" /><testcase classname="tests.test_new_features.TestExplore" name="test_explore_nonsense_query" time="0.043" /><testcase classname="tests.test_new_features.TestExplore" name="test_explore_regex_injection_safe" time="0.047" /><testcase classname="tests.test_new_features.TestYouTubeSave" name="test_saved_is_per_user" time="0.361" /><testcase classname="tests.test_auth_ratings.TestRatings" name="test_rate_requires_auth" time="0.137" /><testcase classname="tests.test_creator_admin.TestModeration" name="test_admin_sees_pending" time="0.542" /><testcase classname="tests.test_creator_admin.TestModeration" name="test_publish_then_visible_in_search" time="0.090" /><testcase classname="tests.test_auth_ratings.TestRatings" name="test_rate_invalid_value" time="0.105" /><testcase classname="tests.test_creator_admin.TestModeration" name="test_invalid_moderation_status" time="0.082" /><testcase classname="tests.test_auth_ratings.TestRatings" name="test_rate_and_update" time="0.307" /><testcase classname="tests.test_creator_admin.TestModeration" name="test_delete_recipe" time="0.092" /><testcase classname="tests.test_creator_admin.TestAdminEndpoints" name="test_overview" time="0.089" /><testcase classname="tests.test_creator_admin.TestAdminEndpoints" name="test_creators_list" time="0.041" /><testcase classname="tests.test_creator_admin.TestAdminEndpoints" name="test_searches_analytics" time="0.047" /><testcase classname="tests.test_auth_ratings.TestRatings" name="test_rate_nonexistent_recipe" time="0.058" /><testcase classname="tests.test_creator_admin.TestAdminEndpoints" name="test_ranking_config_get_and_update" time="0.495" /><testcase classname="tests.test_shopping_lists.TestShoppingListAuth" name="test_post_requires_auth" time="0.419" /><testcase classname="tests.test_shopping_lists.TestShoppingListAuth" name="test_get_requires_auth" time="0.039" /><testcase classname="tests.test_shopping_lists.TestShoppingListAuth" name="test_delete_requires_auth" time="0.082" /><testcase classname="tests.test_new_features.TestYouTube" name="test_youtube_empty_query" time="0.043" /><testcase classname="tests.test_new_features.TestYouTube" name="test_youtube_returns_top3_with_ai_fields" time="0.045" /><testcase classname="tests.test_shopping_lists.TestShoppingListAuth" name="test_cooking_guide_requires_auth" time="0.082" /><testcase classname="tests.test_new_features.TestYouTube" name="test_youtube_cached_second_call_fast" time="0.043" /><testcase classname="tests.test_search.TestRecipeListAndDetail" name="test_list_recipes" time="0.042" /><testcase classname="tests.test_search.TestRecipeListAndDetail" name="test_recipe_detail_anonymous" time="0.294" /><testcase classname="tests.test_shopping_lists.TestConsolidate" name="test_merge_same_name_unit_and_scaling" time="0.361" /><testcase classname="tests.test_shopping_lists.TestConsolidate" name="test_non_numeric_quantity_yields_empty" time="0.000" /><testcase classname="tests.test_shopping_lists.TestConsolidate" name="test_different_units_not_merged" time="0.000" /><testcase classname="tests.test_search.TestRecipeListAndDetail" name="test_recipe_detail_404" time="0.081" /><testcase classname="tests.test_meal_plan.TestYouTubeNoCompilations" name="test_no_compilation_titles[butter chicken]" time="0.040" /><testcase classname="tests.test_meal_plan.TestYouTubeNoCompilations" name="test_no_compilation_titles[french]" time="0.046" /><testcase classname="tests.test_auth_ratings.TestSaved" name="test_save_requires_auth" time="0.419" /><testcase classname="tests.test_new_features.TestCreatorDashboard" name="test_dashboard_payload" time="0.361" /><testcase classname="tests.test_new_features.TestCreatorDashboard" name="test_dashboard_requires_creator_role" time="0.082" /><testcase classname="tests.test_auth_ratings.TestSaved" name="test_save_toggle_and_list" time="0.522" /><testcase classname="tests.test_new_features.TestRegression" name="test_search_terms_vocab" time="0.042" /><testcase classname="tests.test_new_features.TestRegression" name="test_recipe_detail_has_instructions_for_cook_mode" time="0.041" /><testcase classname="tests.test_meal_plan.TestCategories" name="test_exactly_six_curated_cuisines" time="0.082" /><testcase classname="tests.test_shopping_lists.TestCookingGuide" name="test_guide_generation_and_cache" time="15.273" /><testcase classname="tests.test_recipe_edit_title" name="test_creator_can_edit_title" time="0.759" /><testcase classname="tests.test_search.TestCategories" name="test_categories" time="0.042" /><testcase classname="tests.test_shopping_lists.TestCookingGuide" name="test_guide_unknown_list_404" time="0.113" /><testcase classname="tests.test_auth_ratings.TestPreferences" name="test_update_preferences" time="0.092" /></testsuite></testsuites>