<?xml version="1.0" encoding="utf-8"?><testsuites name="pytest tests"><testsuite name="pytest" errors="0" failures="0" skipped="0" tests="11" time="29.261" timestamp="2026-08-22T12:01:43.551987+00:00" hostname="agent-env-eb9e4a92-7649-4ae8-9dde-6746ebf8270b"><testcase classname="tests.test_ai_recipe.TestAiGenerate" name="test_requires_auth" time="0.272" /><testcase classname="tests.test_ai_recipe.TestAiGenerate" name="test_empty_query_400" time="0.533" /><testcase classname="tests.test_ai_recipe.TestAiGenerate" name="test_generates_regional_indian_dish[Shorshe Ilish]" time="0.046" /><testcase classname="tests.test_ai_recipe.TestAiGenerate" name="test_generates_regional_indian_dish[Aloo Posto]" time="13.044" /><testcase classname="tests.test_ai_recipe.TestAiRecipeInShoppingList" name="test_mixed_list_with_ai_recipe_scales" time="1.051" /><testcase classname="tests.test_ai_recipe.TestAiRecipeInShoppingList" name="test_scaling_factor_applied" time="0.093" /><testcase classname="tests.test_ai_recipe.TestAiRecipeInShoppingList" name="test_cooking_guide_for_ai_list" time="12.718" /><testcase classname="tests.test_ai_recipe.TestAiRecipeInShoppingList" name="test_unknown_recipe_id_404" time="0.272" /><testcase classname="tests.test_ai_recipe.TestAiGenerate" name="test_repeat_call_is_cached_and_fast" time="14.388" /><testcase classname="tests.test_ai_recipe.TestLookupRegression" name="test_lookup_returns_seeded_recipe[plain rice-Steamed Plain Rice]" time="0.055" /><testcase classname="tests.test_ai_recipe.TestLookupRegression" name="test_lookup_returns_seeded_recipe[mutton kosha-Kolkata Mutton Kosha]" time="0.069" /></testsuite></testsuites>